Build started 6/15/2012 4:10:53 PM.
     1>Project "H:\CSCE315Project2\Project2\Project2\Project2.vcxproj" on node 2 (build target(s)).
     1>InitializeBuildStatus:
         Creating "Debug\Project2.unsuccessfulbuild" because "AlwaysCreate" was specified.
       ClCompile:
         c:\Program Files (x86)\Microsoft Visual Studio 10.0\VC\bin\CL.exe /c /ZI /nologo /W3 /WX- /Od /Oy- /D _MBCS /Gm /EHsc /RTC1 /MDd /GS /fp:precise /Zc:wchar_t /Zc:forScope /Fo"Debug\\" /Fd"Debug\vc100.pdb" /Gd /TP /analyze- /errorReport:prompt ..\..\UnitReversiMain.cpp
         UnitReversiMain.cpp
       Link:
         c:\Program Files (x86)\Microsoft Visual Studio 10.0\VC\bin\link.exe /ERRORREPORT:PROMPT /OUT:"H:\CSCE315Project2\Project2\Debug\Project2.exe" /NOLOGO kernel32.lib user32.lib gdi32.lib winspool.lib comdlg32.lib advapi32.lib shell32.lib ole32.lib oleaut32.lib uuid.lib odbc32.lib odbccp32.lib /MANIFEST /ManifestFile:"Debug\Project2.exe.intermediate.manifest" /MANIFESTUAC:"level='asInvoker' uiAccess='false'" /DEBUG /PDB:"H:\CSCE315Project2\Project2\Debug\Project2.pdb" /TLBID:1 /DYNAMICBASE /NXCOMPAT /IMPLIB:"H:\CSCE315Project2\Project2\Debug\Project2.lib" /MACHINE:X86 Debug\UnitReversi.obj
         Debug\UnitReversiMain.obj
         LINK : H:\CSCE315Project2\Project2\Debug\Project2.exe not found or not built by the last incremental link; performing full link
         Project2.vcxproj -> H:\CSCE315Project2\Project2\Debug\Project2.exe
       Manifest:
         c:\Program Files (x86)\Microsoft SDKs\Windows\v7.0A\bin\mt.exe /nologo /verbose /outputresource:"H:\CSCE315Project2\Project2\Debug\Project2.exe;#1" /manifest Debug\Project2.exe.intermediate.manifest
       FinalizeBuildStatus:
         Deleting file "Debug\Project2.unsuccessfulbuild".
         Touching "Debug\Project2.lastbuildstate".
     1>Done Building Project "H:\CSCE315Project2\Project2\Project2\Project2.vcxproj" (build target(s)).

Build succeeded.

Time Elapsed 00:00:02.82
